<?xml version="1.0" encoding="UTF-8"?>
<coverage generated="1710649554295" clover="3.2.0">
  <project timestamp="1710649554295" name="All files">
    <metrics statements="107" coveredstatements="96" conditionals="54" coveredconditionals="37" methods="17" coveredmethods="17" elements="178" coveredelements="150" complexity="0" loc="107" ncloc="107" packages="1" files="2" classes="2"/>
    <file name="Graph.js" path="C:\Users\JTang\Documents\GitHub\Notes_joycet.md\Graph-Algorithm\Graph.js">
      <metrics statements="101" coveredstatements="90" conditionals="54" coveredconditionals="37" methods="12" coveredmethods="12"/>
      <line num="2" count="1" type="stmt"/>
      <line num="8" count="4" type="stmt"/>
      <line num="9" count="4" type="stmt"/>
      <line num="15" count="20" type="cond" truecount="2" falsecount="2"/>
      <line num="16" count="0" type="stmt"/>
      <line num="19" count="20" type="cond" truecount="1" falsecount="1"/>
      <line num="20" count="20" type="stmt"/>
      <line num="27" count="20" type="cond" truecount="1" falsecount="1"/>
      <line num="28" count="0" type="stmt"/>
      <line num="32" count="20" type="stmt"/>
      <line num="33" count="20" type="cond" truecount="1" falsecount="1"/>
      <line num="34" count="0" type="stmt"/>
      <line num="38" count="20" type="cond" truecount="1" falsecount="1"/>
      <line num="39" count="0" type="stmt"/>
      <line num="43" count="20" type="stmt"/>
      <line num="46" count="20" type="cond" truecount="1" falsecount="1"/>
      <line num="47" count="20" type="stmt"/>
      <line num="54" count="1" type="cond" truecount="1" falsecount="1"/>
      <line num="55" count="0" type="stmt"/>
      <line num="59" count="1" type="cond" truecount="1" falsecount="1"/>
      <line num="60" count="0" type="stmt"/>
      <line num="64" count="1" type="stmt"/>
      <line num="65" count="1" type="stmt"/>
      <line num="66" count="1" type="stmt"/>
      <line num="67" count="1" type="stmt"/>
      <line num="72" count="1" type="stmt"/>
      <line num="73" count="5" type="stmt"/>
      <line num="74" count="5" type="stmt"/>
      <line num="76" count="5" type="stmt"/>
      <line num="77" count="10" type="cond" truecount="2" falsecount="0"/>
      <line num="78" count="4" type="stmt"/>
      <line num="79" count="4" type="stmt"/>
      <line num="85" count="1" type="stmt"/>
      <line num="90" count="1" type="stmt"/>
      <line num="91" count="1" type="stmt"/>
      <line num="93" count="1" type="cond" truecount="1" falsecount="1"/>
      <line num="94" count="0" type="stmt"/>
      <line num="97" count="1" type="cond" truecount="1" falsecount="1"/>
      <line num="98" count="0" type="stmt"/>
      <line num="101" count="1" type="stmt"/>
      <line num="102" count="5" type="cond" truecount="1" falsecount="1"/>
      <line num="103" count="5" type="stmt"/>
      <line num="104" count="5" type="stmt"/>
      <line num="105" count="5" type="stmt"/>
      <line num="106" count="10" type="cond" truecount="2" falsecount="0"/>
      <line num="107" count="4" type="stmt"/>
      <line num="111" count="1" type="stmt"/>
      <line num="113" count="1" type="stmt"/>
      <line num="117" count="1" type="stmt"/>
      <line num="118" count="1" type="stmt"/>
      <line num="119" count="1" type="stmt"/>
      <line num="120" count="1" type="stmt"/>
      <line num="122" count="1" type="stmt"/>
      <line num="124" count="1" type="cond" truecount="3" falsecount="1"/>
      <line num="125" count="0" type="stmt"/>
      <line num="129" count="1" type="stmt"/>
      <line num="130" count="5" type="cond" truecount="2" falsecount="0"/>
      <line num="131" count="1" type="stmt"/>
      <line num="132" count="1" type="stmt"/>
      <line num="134" count="4" type="stmt"/>
      <line num="135" count="4" type="stmt"/>
      <line num="137" count="5" type="stmt"/>
      <line num="141" count="1" type="stmt"/>
      <line num="142" count="5" type="stmt"/>
      <line num="143" count="5" type="cond" truecount="2" falsecount="0"/>
      <line num="146" count="1" type="stmt"/>
      <line num="147" count="3" type="stmt"/>
      <line num="148" count="3" type="stmt"/>
      <line num="150" count="1" type="stmt"/>
      <line num="152" count="4" type="cond" truecount="2" falsecount="2"/>
      <line num="153" count="4" type="stmt"/>
      <line num="155" count="8" type="stmt"/>
      <line num="157" count="8" type="stmt"/>
      <line num="158" count="8" type="stmt"/>
      <line num="159" count="8" type="cond" truecount="2" falsecount="0"/>
      <line num="161" count="5" type="stmt"/>
      <line num="163" count="5" type="stmt"/>
      <line num="165" count="5" type="stmt"/>
      <line num="170" count="1" type="stmt"/>
      <line num="171" count="1" type="stmt"/>
      <line num="179" count="1" type="cond" truecount="3" falsecount="1"/>
      <line num="180" count="0" type="stmt"/>
      <line num="184" count="1" type="cond" truecount="1" falsecount="1"/>
      <line num="186" count="1" type="stmt"/>
      <line num="187" count="1" type="stmt"/>
      <line num="188" count="1" type="stmt"/>
      <line num="190" count="1" type="stmt"/>
      <line num="191" count="5" type="stmt"/>
      <line num="193" count="5" type="cond" truecount="2" falsecount="0"/>
      <line num="195" count="1" type="stmt"/>
      <line num="196" count="1" type="stmt"/>
      <line num="197" count="3" type="stmt"/>
      <line num="199" count="1" type="stmt"/>
      <line num="200" count="1" type="stmt"/>
      <line num="204" count="4" type="stmt"/>
      <line num="205" count="8" type="cond" truecount="2" falsecount="0"/>
      <line num="206" count="4" type="stmt"/>
      <line num="207" count="4" type="stmt"/>
      <line num="208" count="4" type="stmt"/>
      <line num="213" count="0" type="stmt"/>
      <line num="217" count="1" type="stmt"/>
    </file>
    <file name="PriorityQueue.js" path="C:\Users\JTang\Documents\GitHub\Notes_joycet.md\Graph-Algorithm\PriorityQueue.js">
      <metrics statements="6" coveredstatements="6" conditionals="0" coveredconditionals="0" methods="5" coveredmethods="5"/>
      <line num="5" count="1" type="stmt"/>
      <line num="11" count="10" type="stmt"/>
      <line num="12" count="10" type="stmt"/>
      <line num="18" count="5" type="stmt"/>
      <line num="25" count="48" type="stmt"/>
      <line num="30" count="1" type="stmt"/>
    </file>
  </project>
</coverage>
