{"C:\\Users\\JTang\\Documents\\GitHub\\Notes_joycet.md\\Graph-Algorithm\\Graph.js": {"path":"C:\\Users\\JTang\\Documents\\GitHub\\Notes_joycet.md\\Graph-Algorithm\\Graph.js","statementMap":{"0":{"start":{"line":2,"column":22},"end":{"line":2,"column":51}},"1":{"start":{"line":8,"column":8},"end":{"line":8,"column":32}},"2":{"start":{"line":9,"column":8},"end":{"line":9,"column":37}},"3":{"start":{"line":15,"column":8},"end":{"line":17,"column":9}},"4":{"start":{"line":16,"column":12},"end":{"line":16,"column":101}},"5":{"start":{"line":19,"column":8},"end":{"line":21,"column":9}},"6":{"start":{"line":20,"column":12},"end":{"line":20,"column":44}},"7":{"start":{"line":27,"column":8},"end":{"line":29,"column":9}},"8":{"start":{"line":28,"column":12},"end":{"line":28,"column":110}},"9":{"start":{"line":32,"column":27},"end":{"line":32,"column":90}},"10":{"start":{"line":32,"column":68},"end":{"line":32,"column":89}},"11":{"start":{"line":33,"column":8},"end":{"line":35,"column":9}},"12":{"start":{"line":34,"column":12},"end":{"line":34,"column":93}},"13":{"start":{"line":38,"column":8},"end":{"line":40,"column":9}},"14":{"start":{"line":39,"column":12},"end":{"line":39,"column":91}},"15":{"start":{"line":43,"column":8},"end":{"line":43,"column":68}},"16":{"start":{"line":46,"column":8},"end":{"line":48,"column":9}},"17":{"start":{"line":47,"column":12},"end":{"line":47,"column":72}},"18":{"start":{"line":54,"column":8},"end":{"line":56,"column":9}},"19":{"start":{"line":55,"column":12},"end":{"line":55,"column":51}},"20":{"start":{"line":59,"column":8},"end":{"line":61,"column":9}},"21":{"start":{"line":60,"column":12},"end":{"line":60,"column":75}},"22":{"start":{"line":64,"column":22},"end":{"line":64,"column":29}},"23":{"start":{"line":65,"column":23},"end":{"line":65,"column":25}},"24":{"start":{"line":66,"column":24},"end":{"line":66,"column":26}},"25":{"start":{"line":67,"column":8},"end":{"line":67,"column":30}},"26":{"start":{"line":72,"column":8},"end":{"line":82,"column":9}},"27":{"start":{"line":73,"column":12},"end":{"line":73,"column":42}},"28":{"start":{"line":74,"column":12},"end":{"line":74,"column":39}},"29":{"start":{"line":76,"column":12},"end":{"line":81,"column":15}},"30":{"start":{"line":77,"column":16},"end":{"line":80,"column":17}},"31":{"start":{"line":78,"column":20},"end":{"line":78,"column":50}},"32":{"start":{"line":79,"column":20},"end":{"line":79,"column":46}},"33":{"start":{"line":85,"column":8},"end":{"line":85,"column":22}},"34":{"start":{"line":90,"column":23},"end":{"line":90,"column":25}},"35":{"start":{"line":91,"column":24},"end":{"line":91,"column":26}},"36":{"start":{"line":93,"column":8},"end":{"line":95,"column":9}},"37":{"start":{"line":94,"column":12},"end":{"line":94,"column":51}},"38":{"start":{"line":97,"column":8},"end":{"line":99,"column":9}},"39":{"start":{"line":98,"column":12},"end":{"line":98,"column":75}},"40":{"start":{"line":101,"column":26},"end":{"line":110,"column":9}},"41":{"start":{"line":102,"column":12},"end":{"line":102,"column":37}},"42":{"start":{"line":102,"column":25},"end":{"line":102,"column":37}},"43":{"start":{"line":103,"column":12},"end":{"line":103,"column":35}},"44":{"start":{"line":104,"column":12},"end":{"line":104,"column":32}},"45":{"start":{"line":105,"column":12},"end":{"line":109,"column":15}},"46":{"start":{"line":106,"column":16},"end":{"line":108,"column":17}},"47":{"start":{"line":107,"column":20},"end":{"line":107,"column":52}},"48":{"start":{"line":111,"column":8},"end":{"line":111,"column":25}},"49":{"start":{"line":113,"column":8},"end":{"line":113,"column":22}},"50":{"start":{"line":117,"column":22},"end":{"line":117,"column":41}},"51":{"start":{"line":118,"column":26},"end":{"line":118,"column":28}},"52":{"start":{"line":119,"column":25},"end":{"line":119,"column":27}},"53":{"start":{"line":120,"column":19},"end":{"line":120,"column":21}},"54":{"start":{"line":122,"column":26},"end":{"line":122,"column":27}},"55":{"start":{"line":124,"column":8},"end":{"line":126,"column":9}},"56":{"start":{"line":125,"column":12},"end":{"line":125,"column":87}},"57":{"start":{"line":129,"column":8},"end":{"line":138,"column":9}},"58":{"start":{"line":130,"column":12},"end":{"line":136,"column":13}},"59":{"start":{"line":131,"column":16},"end":{"line":131,"column":38}},"60":{"start":{"line":132,"column":16},"end":{"line":132,"column":41}},"61":{"start":{"line":134,"column":16},"end":{"line":134,"column":45}},"62":{"start":{"line":135,"column":16},"end":{"line":135,"column":48}},"63":{"start":{"line":137,"column":12},"end":{"line":137,"column":36}},"64":{"start":{"line":141,"column":8},"end":{"line":169,"column":9}},"65":{"start":{"line":142,"column":12},"end":{"line":142,"column":43}},"66":{"start":{"line":143,"column":12},"end":{"line":151,"column":13}},"67":{"start":{"line":146,"column":16},"end":{"line":149,"column":17}},"68":{"start":{"line":147,"column":20},"end":{"line":147,"column":40}},"69":{"start":{"line":148,"column":20},"end":{"line":148,"column":50}},"70":{"start":{"line":150,"column":16},"end":{"line":150,"column":22}},"71":{"start":{"line":152,"column":12},"end":{"line":168,"column":13}},"72":{"start":{"line":153,"column":16},"end":{"line":167,"column":17}},"73":{"start":{"line":155,"column":35},"end":{"line":155,"column":73}},"74":{"start":{"line":157,"column":36},"end":{"line":157,"column":73}},"75":{"start":{"line":158,"column":39},"end":{"line":158,"column":52}},"76":{"start":{"line":159,"column":20},"end":{"line":166,"column":21}},"77":{"start":{"line":161,"column":24},"end":{"line":161,"column":60}},"78":{"start":{"line":163,"column":24},"end":{"line":163,"column":58}},"79":{"start":{"line":165,"column":24},"end":{"line":165,"column":63}},"80":{"start":{"line":170,"column":8},"end":{"line":170,"column":40}},"81":{"start":{"line":171,"column":8},"end":{"line":174,"column":10}},"82":{"start":{"line":179,"column":8},"end":{"line":181,"column":9}},"83":{"start":{"line":180,"column":12},"end":{"line":180,"column":78}},"84":{"start":{"line":184,"column":8},"end":{"line":184,"column":32}},"85":{"start":{"line":184,"column":21},"end":{"line":184,"column":32}},"86":{"start":{"line":186,"column":22},"end":{"line":186,"column":25}},"87":{"start":{"line":187,"column":24},"end":{"line":187,"column":37}},"88":{"start":{"line":188,"column":21},"end":{"line":188,"column":34}},"89":{"start":{"line":190,"column":8},"end":{"line":211,"column":9}},"90":{"start":{"line":191,"column":27},"end":{"line":191,"column":40}},"91":{"start":{"line":193,"column":12},"end":{"line":201,"column":13}},"92":{"start":{"line":195,"column":29},"end":{"line":195,"column":31}},"93":{"start":{"line":196,"column":16},"end":{"line":198,"column":17}},"94":{"start":{"line":196,"column":30},"end":{"line":196,"column":31}},"95":{"start":{"line":197,"column":20},"end":{"line":197,"column":34}},"96":{"start":{"line":199,"column":16},"end":{"line":199,"column":31}},"97":{"start":{"line":200,"column":16},"end":{"line":200,"column":28}},"98":{"start":{"line":204,"column":12},"end":{"line":210,"column":15}},"99":{"start":{"line":205,"column":16},"end":{"line":209,"column":17}},"100":{"start":{"line":206,"column":20},"end":{"line":206,"column":50}},"101":{"start":{"line":207,"column":20},"end":{"line":207,"column":49}},"102":{"start":{"line":208,"column":20},"end":{"line":208,"column":46}},"103":{"start":{"line":213,"column":8},"end":{"line":213,"column":20}},"104":{"start":{"line":217,"column":0},"end":{"line":217,"column":23}}},"fnMap":{"0":{"name":"(anonymous_0)","decl":{"start":{"line":7,"column":4},"end":{"line":7,"column":5}},"loc":{"start":{"line":7,"column":36},"end":{"line":10,"column":5}},"line":7},"1":{"name":"(anonymous_1)","decl":{"start":{"line":13,"column":4},"end":{"line":13,"column":5}},"loc":{"start":{"line":13,"column":22},"end":{"line":22,"column":5}},"line":13},"2":{"name":"(anonymous_2)","decl":{"start":{"line":25,"column":4},"end":{"line":25,"column":5}},"loc":{"start":{"line":25,"column":42},"end":{"line":49,"column":5}},"line":25},"3":{"name":"(anonymous_3)","decl":{"start":{"line":32,"column":60},"end":{"line":32,"column":61}},"loc":{"start":{"line":32,"column":68},"end":{"line":32,"column":89}},"line":32},"4":{"name":"(anonymous_4)","decl":{"start":{"line":52,"column":4},"end":{"line":52,"column":5}},"loc":{"start":{"line":52,"column":15},"end":{"line":86,"column":5}},"line":52},"5":{"name":"(anonymous_5)","decl":{"start":{"line":76,"column":54},"end":{"line":76,"column":55}},"loc":{"start":{"line":76,"column":66},"end":{"line":81,"column":13}},"line":76},"6":{"name":"(anonymous_6)","decl":{"start":{"line":89,"column":4},"end":{"line":89,"column":5}},"loc":{"start":{"line":89,"column":15},"end":{"line":114,"column":5}},"line":89},"7":{"name":"(anonymous_7)","decl":{"start":{"line":101,"column":26},"end":{"line":101,"column":27}},"loc":{"start":{"line":101,"column":36},"end":{"line":110,"column":9}},"line":101},"8":{"name":"(anonymous_8)","decl":{"start":{"line":105,"column":47},"end":{"line":105,"column":48}},"loc":{"start":{"line":105,"column":59},"end":{"line":109,"column":13}},"line":105},"9":{"name":"(anonymous_9)","decl":{"start":{"line":116,"column":4},"end":{"line":116,"column":5}},"loc":{"start":{"line":116,"column":28},"end":{"line":175,"column":5}},"line":116},"10":{"name":"(anonymous_10)","decl":{"start":{"line":177,"column":4},"end":{"line":177,"column":5}},"loc":{"start":{"line":177,"column":19},"end":{"line":214,"column":5}},"line":177},"11":{"name":"(anonymous_11)","decl":{"start":{"line":204,"column":47},"end":{"line":204,"column":48}},"loc":{"start":{"line":204,"column":59},"end":{"line":210,"column":13}},"line":204}},"branchMap":{"0":{"loc":{"start":{"line":7,"column":16},"end":{"line":7,"column":34}},"type":"default-arg","locations":[{"start":{"line":7,"column":29},"end":{"line":7,"column":34}}],"line":7},"1":{"loc":{"start":{"line":15,"column":8},"end":{"line":17,"column":9}},"type":"if","locations":[{"start":{"line":15,"column":8},"end":{"line":17,"column":9}},{"start":{},"end":{}}],"line":15},"2":{"loc":{"start":{"line":15,"column":12},"end":{"line":15,"column":68}},"type":"binary-expr","locations":[{"start":{"line":15,"column":12},"end":{"line":15,"column":38}},{"start":{"line":15,"column":42},"end":{"line":15,"column":68}}],"line":15},"3":{"loc":{"start":{"line":19,"column":8},"end":{"line":21,"column":9}},"type":"if","locations":[{"start":{"line":19,"column":8},"end":{"line":21,"column":9}},{"start":{},"end":{}}],"line":19},"4":{"loc":{"start":{"line":25,"column":30},"end":{"line":25,"column":40}},"type":"default-arg","locations":[{"start":{"line":25,"column":39},"end":{"line":25,"column":40}}],"line":25},"5":{"loc":{"start":{"line":27,"column":8},"end":{"line":29,"column":9}},"type":"if","locations":[{"start":{"line":27,"column":8},"end":{"line":29,"column":9}},{"start":{},"end":{}}],"line":27},"6":{"loc":{"start":{"line":33,"column":8},"end":{"line":35,"column":9}},"type":"if","locations":[{"start":{"line":33,"column":8},"end":{"line":35,"column":9}},{"start":{},"end":{}}],"line":33},"7":{"loc":{"start":{"line":38,"column":8},"end":{"line":40,"column":9}},"type":"if","locations":[{"start":{"line":38,"column":8},"end":{"line":40,"column":9}},{"start":{},"end":{}}],"line":38},"8":{"loc":{"start":{"line":46,"column":8},"end":{"line":48,"column":9}},"type":"if","locations":[{"start":{"line":46,"column":8},"end":{"line":48,"column":9}},{"start":{},"end":{}}],"line":46},"9":{"loc":{"start":{"line":54,"column":8},"end":{"line":56,"column":9}},"type":"if","locations":[{"start":{"line":54,"column":8},"end":{"line":56,"column":9}},{"start":{},"end":{}}],"line":54},"10":{"loc":{"start":{"line":59,"column":8},"end":{"line":61,"column":9}},"type":"if","locations":[{"start":{"line":59,"column":8},"end":{"line":61,"column":9}},{"start":{},"end":{}}],"line":59},"11":{"loc":{"start":{"line":77,"column":16},"end":{"line":80,"column":17}},"type":"if","locations":[{"start":{"line":77,"column":16},"end":{"line":80,"column":17}},{"start":{},"end":{}}],"line":77},"12":{"loc":{"start":{"line":93,"column":8},"end":{"line":95,"column":9}},"type":"if","locations":[{"start":{"line":93,"column":8},"end":{"line":95,"column":9}},{"start":{},"end":{}}],"line":93},"13":{"loc":{"start":{"line":97,"column":8},"end":{"line":99,"column":9}},"type":"if","locations":[{"start":{"line":97,"column":8},"end":{"line":99,"column":9}},{"start":{},"end":{}}],"line":97},"14":{"loc":{"start":{"line":102,"column":12},"end":{"line":102,"column":37}},"type":"if","locations":[{"start":{"line":102,"column":12},"end":{"line":102,"column":37}},{"start":{},"end":{}}],"line":102},"15":{"loc":{"start":{"line":106,"column":16},"end":{"line":108,"column":17}},"type":"if","locations":[{"start":{"line":106,"column":16},"end":{"line":108,"column":17}},{"start":{},"end":{}}],"line":106},"16":{"loc":{"start":{"line":124,"column":8},"end":{"line":126,"column":9}},"type":"if","locations":[{"start":{"line":124,"column":8},"end":{"line":126,"column":9}},{"start":{},"end":{}}],"line":124},"17":{"loc":{"start":{"line":124,"column":12},"end":{"line":124,"column":69}},"type":"binary-expr","locations":[{"start":{"line":124,"column":12},"end":{"line":124,"column":38}},{"start":{"line":124,"column":42},"end":{"line":124,"column":69}}],"line":124},"18":{"loc":{"start":{"line":130,"column":12},"end":{"line":136,"column":13}},"type":"if","locations":[{"start":{"line":130,"column":12},"end":{"line":136,"column":13}},{"start":{"line":133,"column":19},"end":{"line":136,"column":13}}],"line":130},"19":{"loc":{"start":{"line":143,"column":12},"end":{"line":151,"column":13}},"type":"if","locations":[{"start":{"line":143,"column":12},"end":{"line":151,"column":13}},{"start":{},"end":{}}],"line":143},"20":{"loc":{"start":{"line":152,"column":12},"end":{"line":168,"column":13}},"type":"if","locations":[{"start":{"line":152,"column":12},"end":{"line":168,"column":13}},{"start":{},"end":{}}],"line":152},"21":{"loc":{"start":{"line":152,"column":16},"end":{"line":152,"column":60}},"type":"binary-expr","locations":[{"start":{"line":152,"column":16},"end":{"line":152,"column":24}},{"start":{"line":152,"column":28},"end":{"line":152,"column":60}}],"line":152},"22":{"loc":{"start":{"line":159,"column":20},"end":{"line":166,"column":21}},"type":"if","locations":[{"start":{"line":159,"column":20},"end":{"line":166,"column":21}},{"start":{},"end":{}}],"line":159},"23":{"loc":{"start":{"line":179,"column":8},"end":{"line":181,"column":9}},"type":"if","locations":[{"start":{"line":179,"column":8},"end":{"line":181,"column":9}},{"start":{},"end":{}}],"line":179},"24":{"loc":{"start":{"line":179,"column":12},"end":{"line":179,"column":60}},"type":"binary-expr","locations":[{"start":{"line":179,"column":12},"end":{"line":179,"column":34}},{"start":{"line":179,"column":38},"end":{"line":179,"column":60}}],"line":179},"25":{"loc":{"start":{"line":184,"column":8},"end":{"line":184,"column":32}},"type":"if","locations":[{"start":{"line":184,"column":8},"end":{"line":184,"column":32}},{"start":{},"end":{}}],"line":184},"26":{"loc":{"start":{"line":193,"column":12},"end":{"line":201,"column":13}},"type":"if","locations":[{"start":{"line":193,"column":12},"end":{"line":201,"column":13}},{"start":{},"end":{}}],"line":193},"27":{"loc":{"start":{"line":205,"column":16},"end":{"line":209,"column":17}},"type":"if","locations":[{"start":{"line":205,"column":16},"end":{"line":209,"column":17}},{"start":{},"end":{}}],"line":205}},"s":{"0":1,"1":4,"2":4,"3":20,"4":0,"5":20,"6":20,"7":20,"8":0,"9":20,"10":17,"11":20,"12":0,"13":20,"14":0,"15":20,"16":20,"17":20,"18":1,"19":0,"20":1,"21":0,"22":1,"23":1,"24":1,"25":1,"26":1,"27":5,"28":5,"29":5,"30":10,"31":4,"32":4,"33":1,"34":1,"35":1,"36":1,"37":0,"38":1,"39":0,"40":1,"41":5,"42":0,"43":5,"44":5,"45":5,"46":10,"47":4,"48":1,"49":1,"50":1,"51":1,"52":1,"53":1,"54":1,"55":1,"56":0,"57":1,"58":5,"59":1,"60":1,"61":4,"62":4,"63":5,"64":1,"65":5,"66":5,"67":1,"68":3,"69":3,"70":1,"71":4,"72":4,"73":8,"74":8,"75":8,"76":8,"77":5,"78":5,"79":5,"80":1,"81":1,"82":1,"83":0,"84":1,"85":0,"86":1,"87":1,"88":1,"89":1,"90":5,"91":5,"92":1,"93":1,"94":1,"95":3,"96":1,"97":1,"98":4,"99":8,"100":4,"101":4,"102":4,"103":0,"104":1},"f":{"0":4,"1":20,"2":20,"3":17,"4":1,"5":10,"6":1,"7":5,"8":10,"9":1,"10":1,"11":8},"b":{"0":[4],"1":[0,20],"2":[20,0],"3":[20,0],"4":[15],"5":[0,20],"6":[0,20],"7":[0,20],"8":[20,0],"9":[0,1],"10":[0,1],"11":[4,6],"12":[0,1],"13":[0,1],"14":[0,5],"15":[4,6],"16":[0,1],"17":[1,1],"18":[1,4],"19":[1,4],"20":[4,0],"21":[4,0],"22":[5,3],"23":[0,1],"24":[1,1],"25":[0,1],"26":[1,4],"27":[4,4]},"_coverageSchema":"1a1c01bbd47fc00a2c39e90264f33305004495a9","hash":"d0d10595c39bb3c5a45f15afd7180230326aa13f"}
,"C:\\Users\\JTang\\Documents\\GitHub\\Notes_joycet.md\\Graph-Algorithm\\PriorityQueue.js": {"path":"C:\\Users\\JTang\\Documents\\GitHub\\Notes_joycet.md\\Graph-Algorithm\\PriorityQueue.js","statementMap":{"0":{"start":{"line":5,"column":8},"end":{"line":5,"column":25}},"1":{"start":{"line":11,"column":8},"end":{"line":11,"column":42}},"2":{"start":{"line":12,"column":8},"end":{"line":12,"column":20}},"3":{"start":{"line":18,"column":8},"end":{"line":18,"column":35}},"4":{"start":{"line":25,"column":8},"end":{"line":25,"column":60}},"5":{"start":{"line":25,"column":35},"end":{"line":25,"column":58}},"6":{"start":{"line":30,"column":0},"end":{"line":30,"column":31}}},"fnMap":{"0":{"name":"(anonymous_0)","decl":{"start":{"line":4,"column":4},"end":{"line":4,"column":5}},"loc":{"start":{"line":4,"column":18},"end":{"line":6,"column":5}},"line":4},"1":{"name":"(anonymous_1)","decl":{"start":{"line":10,"column":4},"end":{"line":10,"column":5}},"loc":{"start":{"line":10,"column":27},"end":{"line":13,"column":5}},"line":10},"2":{"name":"(anonymous_2)","decl":{"start":{"line":17,"column":4},"end":{"line":17,"column":5}},"loc":{"start":{"line":17,"column":14},"end":{"line":19,"column":5}},"line":17},"3":{"name":"(anonymous_3)","decl":{"start":{"line":24,"column":4},"end":{"line":24,"column":5}},"loc":{"start":{"line":24,"column":11},"end":{"line":26,"column":5}},"line":24},"4":{"name":"(anonymous_4)","decl":{"start":{"line":25,"column":25},"end":{"line":25,"column":26}},"loc":{"start":{"line":25,"column":35},"end":{"line":25,"column":58}},"line":25}},"branchMap":{},"s":{"0":1,"1":10,"2":10,"3":5,"4":10,"5":48,"6":1},"f":{"0":1,"1":10,"2":5,"3":10,"4":48},"b":{},"_coverageSchema":"1a1c01bbd47fc00a2c39e90264f33305004495a9","hash":"7fd6b56ca289b84c46e137f3341020f29cd235fe"}
}
