TN:
SF:Graph.js
FN:7,(anonymous_0)
FN:13,(anonymous_1)
FN:25,(anonymous_2)
FN:32,(anonymous_3)
FN:52,(anonymous_4)
FN:76,(anonymous_5)
FN:89,(anonymous_6)
FN:101,(anonymous_7)
FN:105,(anonymous_8)
FN:116,(anonymous_9)
FN:177,(anonymous_10)
FN:204,(anonymous_11)
FNF:12
FNH:12
FNDA:4,(anonymous_0)
FNDA:20,(anonymous_1)
FNDA:20,(anonymous_2)
FNDA:17,(anonymous_3)
FNDA:1,(anonymous_4)
FNDA:10,(anonymous_5)
FNDA:1,(anonymous_6)
FNDA:5,(anonymous_7)
FNDA:10,(anonymous_8)
FNDA:1,(anonymous_9)
FNDA:1,(anonymous_10)
FNDA:8,(anonymous_11)
DA:2,1
DA:8,4
DA:9,4
DA:15,20
DA:16,0
DA:19,20
DA:20,20
DA:27,20
DA:28,0
DA:32,20
DA:33,20
DA:34,0
DA:38,20
DA:39,0
DA:43,20
DA:46,20
DA:47,20
DA:54,1
DA:55,0
DA:59,1
DA:60,0
DA:64,1
DA:65,1
DA:66,1
DA:67,1
DA:72,1
DA:73,5
DA:74,5
DA:76,5
DA:77,10
DA:78,4
DA:79,4
DA:85,1
DA:90,1
DA:91,1
DA:93,1
DA:94,0
DA:97,1
DA:98,0
DA:101,1
DA:102,5
DA:103,5
DA:104,5
DA:105,5
DA:106,10
DA:107,4
DA:111,1
DA:113,1
DA:117,1
DA:118,1
DA:119,1
DA:120,1
DA:122,1
DA:124,1
DA:125,0
DA:129,1
DA:130,5
DA:131,1
DA:132,1
DA:134,4
DA:135,4
DA:137,5
DA:141,1
DA:142,5
DA:143,5
DA:146,1
DA:147,3
DA:148,3
DA:150,1
DA:152,4
DA:153,4
DA:155,8
DA:157,8
DA:158,8
DA:159,8
DA:161,5
DA:163,5
DA:165,5
DA:170,1
DA:171,1
DA:179,1
DA:180,0
DA:184,1
DA:186,1
DA:187,1
DA:188,1
DA:190,1
DA:191,5
DA:193,5
DA:195,1
DA:196,1
DA:197,3
DA:199,1
DA:200,1
DA:204,4
DA:205,8
DA:206,4
DA:207,4
DA:208,4
DA:213,0
DA:217,1
LF:101
LH:90
BRDA:7,0,0,4
BRDA:15,1,0,0
BRDA:15,1,1,20
BRDA:15,2,0,20
BRDA:15,2,1,0
BRDA:19,3,0,20
BRDA:19,3,1,0
BRDA:25,4,0,15
BRDA:27,5,0,0
BRDA:27,5,1,20
BRDA:33,6,0,0
BRDA:33,6,1,20
BRDA:38,7,0,0
BRDA:38,7,1,20
BRDA:46,8,0,20
BRDA:46,8,1,0
BRDA:54,9,0,0
BRDA:54,9,1,1
BRDA:59,10,0,0
BRDA:59,10,1,1
BRDA:77,11,0,4
BRDA:77,11,1,6
BRDA:93,12,0,0
BRDA:93,12,1,1
BRDA:97,13,0,0
BRDA:97,13,1,1
BRDA:102,14,0,0
BRDA:102,14,1,5
BRDA:106,15,0,4
BRDA:106,15,1,6
BRDA:124,16,0,0
BRDA:124,16,1,1
BRDA:124,17,0,1
BRDA:124,17,1,1
BRDA:130,18,0,1
BRDA:130,18,1,4
BRDA:143,19,0,1
BRDA:143,19,1,4
BRDA:152,20,0,4
BRDA:152,20,1,0
BRDA:152,21,0,4
BRDA:152,21,1,0
BRDA:159,22,0,5
BRDA:159,22,1,3
BRDA:179,23,0,0
BRDA:179,23,1,1
BRDA:179,24,0,1
BRDA:179,24,1,1
BRDA:184,25,0,0
BRDA:184,25,1,1
BRDA:193,26,0,1
BRDA:193,26,1,4
BRDA:205,27,0,4
BRDA:205,27,1,4
BRF:54
BRH:37
end_of_record
TN:
SF:PriorityQueue.js
FN:4,(anonymous_0)
FN:10,(anonymous_1)
FN:17,(anonymous_2)
FN:24,(anonymous_3)
FN:25,(anonymous_4)
FNF:5
FNH:5
FNDA:1,(anonymous_0)
FNDA:10,(anonymous_1)
FNDA:5,(anonymous_2)
FNDA:10,(anonymous_3)
FNDA:48,(anonymous_4)
DA:5,1
DA:11,10
DA:12,10
DA:18,5
DA:25,48
DA:30,1
LF:6
LH:6
BRF:0
BRH:0
end_of_record
